<?xml version="1.0" encoding="UTF-8"?>
<testng-results skipped="0" failed="0" ignored="0" total="1" passed="1">
  <reporter-output>
  </reporter-output>
  <suite name="Default suite" duration-ms="30029" started-at="2018-08-27T11:58:07Z" finished-at="2018-08-27T11:58:37Z">
    <groups>
    </groups>
    <test name="Default test" duration-ms="30029" started-at="2018-08-27T11:58:07Z" finished-at="2018-08-27T11:58:37Z">
      <class name="BillcallLogin.BillcallLoginTestNGTest">
        <test-method status="PASS" signature="logintest()[pri:0, instance:BillcallLogin.BillcallLoginTestNGTest@1a3869f4]" name="logintest" is-config="true" duration-ms="4038" started-at="2018-08-27T11:58:07Z" finished-at="2018-08-27T11:58:11Z">
          <reporter-output>
          </reporter-output>
        </test-method> <!-- logintest -->
        <test-method status="PASS" signature="Billcalllogin()[pri:0, instance:BillcallLogin.BillcallLoginTestNGTest@1a3869f4]" name="Billcalllogin" duration-ms="23854" started-at="2018-08-27T11:58:11Z" finished-at="2018-08-27T11:58:35Z">
          <reporter-output>
          </reporter-output>
        </test-method> <!-- Billcalllogin -->
        <test-method status="PASS" signature="closetest()[pri:0, instance:BillcallLogin.BillcallLoginTestNGTest@1a3869f4]" name="closetest" is-config="true" duration-ms="2103" started-at="2018-08-27T11:58:35Z" finished-at="2018-08-27T11:58:37Z">
          <reporter-output>
          </reporter-output>
        </test-method> <!-- closetest -->
      </class> <!-- BillcallLogin.BillcallLoginTestNGTest -->
    </test> <!-- Default test -->
  </suite> <!-- Default suite -->
</testng-results>
